<?xml version="1.0" encoding="UTF-8"?>
<testng-results skipped="0" failed="0" ignored="0" total="1" passed="1">
  <reporter-output>
  </reporter-output>
  <suite name="Default suite" duration-ms="61234" started-at="2020-03-12T14:27:49 EET" finished-at="2020-03-12T14:28:50 EET">
    <groups>
    </groups>
    <test name="Default test" duration-ms="61234" started-at="2020-03-12T14:27:49 EET" finished-at="2020-03-12T14:28:50 EET">
      <class name="roundTest.TestRound">
        <test-method status="PASS" signature="beforeClass()[pri:0, instance:roundTest.TestRound@394e1a0f]" name="beforeClass" is-config="true" duration-ms="14526" started-at="2020-03-12T14:27:49 EET" finished-at="2020-03-12T14:28:03 EET">
          <reporter-output>
          </reporter-output>
        </test-method> <!-- beforeClass -->
        <test-method status="PASS" signature="roundTest()[pri:0, instance:roundTest.TestRound@394e1a0f]" name="roundTest" duration-ms="38122" started-at="2020-03-12T14:28:04 EET" finished-at="2020-03-12T14:28:42 EET">
          <reporter-output>
          </reporter-output>
        </test-method> <!-- roundTest -->
        <test-method status="PASS" signature="afterClass()[pri:0, instance:roundTest.TestRound@394e1a0f]" name="afterClass" is-config="true" duration-ms="8414" started-at="2020-03-12T14:28:42 EET" finished-at="2020-03-12T14:28:50 EET">
          <reporter-output>
          </reporter-output>
        </test-method> <!-- afterClass -->
      </class> <!-- roundTest.TestRound -->
    </test> <!-- Default test -->
  </suite> <!-- Default suite -->
</testng-results>
